app/api/io-files/route.ts(91,30): error TS7053: Element implicitly has an 'any' type because expression of type 'any' can't be used to index type '{ upload: { id: string; status: string; message: string; timestamp: string; }; process: { id: string; status: string; message: string; timestamp: string; }; archive: { id: string; status: string; message: string; timestamp: string; }; }'.
app/api/test-campaign/route.ts(191,30): error TS7053: Element implicitly has an 'any' type because expression of type 'any' can't be used to index type '{ start_task: { id: string; taskId: any; status: string; timestamp: string; message: string; }; complete_subtask: { id: string; taskId: any; subtaskId: any; status: string; timestamp: string; message: string; }; update_metadata: { ...; }; }'.
components/dashboard.tsx(1080,37): error TS2304: Cannot find name 'major'.
components/dashboard.tsx(1080,45): error TS2304: Cannot find name 'minor'.
components/dashboard.tsx(1080,53): error TS2304: Cannot find name 'patch'.
exit_code=2
